Building documentation...
Initializing...
Merging XML documentation...
Building file mapping...
Loading XSLT files...
    namespace.xslt
    namespacehierarchy.xslt
    type.xslt
    typehierarchy.xslt
    allmembers.xslt
    individualmembers.xslt
    event.xslt
    member.xslt
    memberoverload.xslt
    property.xslt
    field.xslt
    htmlcontents.xslt
Generating HTML pages...
Deuteros.html
DeuterosHierarchy.html
Deuteros.frmEditor.html
Deuteros.frmEditorMembers.html
Deuteros.frmEditorConstructor.html
Deuteros.frmEditorMethods.html
Deuteros.frmEditor.Dispose_overloads.html
Deuteros.frmEditor.Dispose_overload_1.html
Deuteros.frmLoad.html
Deuteros.frmLoadMembers.html
Deuteros.frmLoadConstructor.html
Deuteros.frmLoadMethods.html
Deuteros.frmLoad.Dispose_overloads.html
Deuteros.frmLoad.Dispose_overload_1.html
Deuteros.frmMain.html
Deuteros.frmMainMembers.html
Deuteros.frmMainConstructor.html
Deuteros.frmMainMethods.html
Deuteros.frmMain.Dispose_overloads.html
Deuteros.frmMain.Dispose_overload_1.html
Deuteros.frmMain.Initialize.html
Deuteros.frmMain.OnPaint.html
Deuteros.frmSave.html
Deuteros.frmSaveMembers.html
Deuteros.frmSaveConstructor.html
Deuteros.frmSaveMethods.html
Deuteros.frmSave.Dispose_overloads.html
Deuteros.frmSave.Dispose_overload_1.html
Deuteros.GameEngine.html
Deuteros.GameEngineMembers.html
Deuteros.GameEngineFields.html
Deuteros.GameEngine.AdvanceTime.html
Deuteros.GameEngine.CurrentClock.html
Deuteros.GameEngine.CurrentLocation.html
Deuteros.GameEngine.CurrentModInfo.html
Deuteros.GameEngine.CurrentScreen.html
Deuteros.GameEngine.CurrentSystem.html
Deuteros.GameEngine.CurrentTooltip.html
Deuteros.GameEngine.CurrentYear.html
Deuteros.GameEngine.EarthCity.html
Deuteros.GameEngine.GuiFonts.html
Deuteros.GameEngine.GuiMenuGlobal.html
Deuteros.GameEngine.GuiMenuModule.html
Deuteros.GameEngine.GuiMenuStation.html
Deuteros.GameEngine.GuiTextures.html
Deuteros.GameEngine.hasQuit.html
Deuteros.GameEngine.Instance.html
Deuteros.GameEngine.ItemTemplates.html
Deuteros.GameEngine.mainTextures.html
Deuteros.GameEngine.Mod.html
Deuteros.GameEngine.pomProjectionMatrix.html
Deuteros.GameEngine.pomViewMatrix.html
Deuteros.GameEngine.StationList.html
Deuteros.GameEngine.TimeAdvanceOnHold.html
Deuteros.GameEngineProperties.html
Deuteros.GameEngine.CameraTargetX.html
Deuteros.GameEngine.CameraTargetY.html
Deuteros.GameEngine.CameraTargetZ.html
Deuteros.GameEngine.CameraUpX.html
Deuteros.GameEngine.CameraUpY.html
Deuteros.GameEngine.CameraUpZ.html
Deuteros.GameEngine.CameraX.html
Deuteros.GameEngine.CameraY.html
Deuteros.GameEngine.CameraZ.html
Deuteros.GameEngine.CurrentDotTime.html
Deuteros.GameEngine.CurrentModule.html
Deuteros.GameEngine.CurrentStation.html
Deuteros.GameEngine.GameRunning.html
Deuteros.GameEngine.InputEngine.html
Deuteros.GameEngine.IsMouseDown.html
Deuteros.GameEngine.Menu.html
Deuteros.GameEngine.MessageText.html
Deuteros.GameEngine.MouseButton.html
Deuteros.GameEngine.MouseCoords.html
Deuteros.GameEngine.RenderEngine.html
Deuteros.GameEngine.ShowMenu.html
Deuteros.GameEngine.ShowMessage.html
Deuteros.GameEngine.Target.html
Deuteros.GameEngineMethods.html
Deuteros.GameEngine.Deinitialize.html
Deuteros.GameEngine.DrawGameScreen.html
Deuteros.GameEngine.FormatText.html
Deuteros.GameEngine.Frame.html
Deuteros.GameEngine.Initialize.html
Deuteros.GameEngine.InvokeFormat.html
Deuteros.GameEngine.LoadFonts.html
Deuteros.GameEngine.LoadGame.html
Deuteros.GameEngine.LoadMod.html
Deuteros.GameEngine.LoadTextures.html
Deuteros.GameEngine.MessageBox.html
Deuteros.GameEngine.NextTurn.html
Deuteros.GameEngine.QuitGame.html
Deuteros.GameEngine.Render.html
Deuteros.GameEngine.SaveFonts.html
Deuteros.GameEngine.SaveGame.html
Deuteros.GameEngine.SaveMenus.html
Deuteros.GameEngine.SaveTextures.html
Deuteros.GameEngine.SetCurrentModule.html
Deuteros.GameEngine.SetCurrentStation.html
Deuteros.GameEngine.StartTimeAdvance.html
Deuteros.GameEngine.StopTimeAdvance.html
Deuteros.GameEngine.To2DTransform.html
Deuteros.GameEngineEvents.html
Deuteros.GameEngine.OnQuit.html
Deuteros.GameScreen.html
Deuteros.InputEngine.html
Deuteros.InputEngineMembers.html
Deuteros.InputEngineConstructor.html
Deuteros.InputEngineProperties.html
Deuteros.InputEngine.CaptureTarget.html
Deuteros.InputEngine.Device.html
Deuteros.InputEngineMethods.html
Deuteros.InputEngine.Deinitialize.html
Deuteros.ModInfo.html
Deuteros.ModInfoMembers.html
Deuteros.ModInfoConstructor.html
Deuteros.ModInfoFields.html
Deuteros.ModInfo.author.html
Deuteros.ModInfo.description.html
Deuteros.ModInfo.modVersion.html
Deuteros.ModInfo.showEngineVersion.html
Deuteros.ModInfo.showModVersion.html
Deuteros.ModInfo.title.html
Deuteros.ModInfo.website.html
Deuteros.ModInfoMethods.html
Deuteros.ModInfo.LoadFromXml.html
Deuteros.ModInfo.SaveToXml.html
Deuteros.RenderEngine.html
Deuteros.RenderEngineMembers.html
Deuteros.RenderEngineConstructor.html
Deuteros.RenderEngineProperties.html
Deuteros.RenderEngine.AccurateFPS.html
Deuteros.RenderEngine.Device.html
Deuteros.RenderEngine.DisplayFPS.html
Deuteros.RenderEngine.FPS.html
Deuteros.RenderEngine.Overlay.html
Deuteros.RenderEngine.TimePassed.html
Deuteros.RenderEngineMethods.html
Deuteros.RenderEngine.BeginScene.html
Deuteros.RenderEngine.EndScene.html
Deuteros.TextureInfo.html
Deuteros.TextureInfoMembers.html
Deuteros.TextureInfoConstructor.html
Deuteros.TextureInfoFields.html
Deuteros.TextureInfo.filename.html
Deuteros.TextureInfo.textureIdx.html
Deuteros.TextureManager.html
Deuteros.TextureManagerMembers.html
Deuteros.TextureManagerConstructor.html
Deuteros.TextureManagerMethods.html
Deuteros.TextureManager.AddTexture.html
Deuteros.TextureManager.Clear.html
Deuteros.TextureManager.GetTexture.html
Deuteros.TextureManager.RemoveTexture.html
Deuteros.TextureManagerItem.html
Deuteros.TextureManagerItemMembers.html
Deuteros.TextureManagerItemConstructor.html
Deuteros.TextureManagerItemProperties.html
Deuteros.TextureManagerItem.Filename.html
Deuteros.TextureManagerItem.Texture.html
Deuteros.TextureManagerItem.Users.html
Deuteros.TextureManagerItemMethods.html
Deuteros.TextureManagerItem.Dispose.html
Deuteros.TextureManagerItem.LostUser.html
Deuteros.TextureManagerItem.NewUser.html
Deuteros.Editor.html
Deuteros.EditorHierarchy.html
Deuteros.Editor.StationEditor.html
Deuteros.Editor.StationEditorMembers.html
Deuteros.Editor.StationEditorConstructor.html
Deuteros.Editor.StationEditorFields.html
Deuteros.Editor.StationEditor.station.html
Deuteros.Editor.StationEditor.trn.html
Deuteros.Editor.StationEditorMethods.html
Deuteros.Editor.StationEditor.Dispose_overloads.html
Deuteros.Editor.StationEditor.Dispose_overload_1.html
Deuteros.Editor.StationModuleEditor.html
Deuteros.Editor.StationModuleEditorMembers.html
Deuteros.Editor.StationModuleEditorConstructor.html
Deuteros.Editor.StationModuleEditorFields.html
Deuteros.Editor.StationModuleEditor.module.html
Deuteros.Editor.StationModuleEditorMethods.html
Deuteros.Editor.StationModuleEditor.Dispose_overloads.html
Deuteros.Editor.StationModuleEditor.Dispose_overload_1.html
Deuteros.Gui.html
Deuteros.GuiHierarchy.html
Deuteros.Gui.GuiButtonAction.html
Deuteros.Gui.GuiButtonInfo.html
Deuteros.Gui.GuiButtonInfoMembers.html
Deuteros.Gui.GuiButtonInfoConstructor.html
Deuteros.Gui.GuiButtonInfoConstructor1.html
Deuteros.Gui.GuiButtonInfoConstructor2.html
Deuteros.Gui.GuiButtonInfoConstructor3.html
Deuteros.Gui.GuiButtonInfoConstructor4.html
Deuteros.Gui.GuiButtonInfoFields.html
Deuteros.Gui.GuiButtonInfo.AnimationFrames.html
Deuteros.Gui.GuiButtonInfo.AnimationTime.html
Deuteros.Gui.GuiButtonInfo.ButtonRect.html
Deuteros.Gui.GuiButtonInfo.Enabled.html
Deuteros.Gui.GuiButtonInfo.Font.html
Deuteros.Gui.GuiButtonInfo.ForeColor.html
Deuteros.Gui.GuiButtonInfo.GuiMenuId.html
Deuteros.Gui.GuiButtonInfo.Params.html
Deuteros.Gui.GuiButtonInfo.Picture.html
Deuteros.Gui.GuiButtonInfo.PictureColor.html
Deuteros.Gui.GuiButtonInfo.Text.html
Deuteros.Gui.GuiButtonInfo.TextFormat.html
Deuteros.Gui.GuiButtonInfo.Tooltip.html
Deuteros.Gui.GuiButtonInfoMethods.html
Deuteros.Gui.GuiButtonInfo.FromXml.html
Deuteros.Gui.GuiButtonInfo.ToXml.html
Deuteros.Gui.GuiButtonParam.html
Deuteros.Gui.GuiButtonParamHierarchy.html
Deuteros.Gui.GuiButtonParamMembers.html
Deuteros.Gui.GuiButtonParamConstructor.html
Deuteros.Gui.GuiButtonParamMethods.html
Deuteros.Gui.GuiButtonParam.DoAction.html
Deuteros.Gui.GuiButtonParam.DoCheck.html
Deuteros.Gui.GuiButtonParam.FromXml.html
Deuteros.Gui.GuiButtonParam.ToXml.html
Deuteros.Gui.GuiButtonParamExecuteModuleMethod.html
Deuteros.Gui.GuiButtonParamExecuteModuleMethodMembers.html
Deuteros.Gui.GuiButtonParamExecuteModuleMethodConstructor.html
Deuteros.Gui.GuiButtonParamExecuteModuleMethodFields.html
Deuteros.Gui.GuiButtonParamExecuteModuleMethod.methodParams.html
Deuteros.Gui.GuiButtonParamExecuteModuleMethod.moduleId.html
Deuteros.Gui.GuiButtonParamExecuteModuleMethod.moduleMethod.html
Deuteros.Gui.GuiButtonParamExecuteModuleMethodMethods.html
Deuteros.Gui.GuiButtonParamExecuteModuleMethod.DoAction.html
Deuteros.Gui.GuiButtonParamExecuteModuleMethod.FromXml.html
Deuteros.Gui.GuiButtonParamExecuteModuleMethod.ToXml.html
Deuteros.Gui.GuiButtonParamChangeLocation.html
Deuteros.Gui.GuiButtonParamChangeLocationMembers.html
Deuteros.Gui.GuiButtonParamChangeLocationConstructor.html
Deuteros.Gui.GuiButtonParamChangeLocationFields.html
Deuteros.Gui.GuiButtonParamChangeLocation.NextLocation.html
Deuteros.Gui.GuiButtonParamChangeLocationMethods.html
Deuteros.Gui.GuiButtonParamChangeLocation.DoAction.html
Deuteros.Gui.GuiButtonParamChangeLocation.FromXml.html
Deuteros.Gui.GuiButtonParamChangeLocation.ToXml.html
Deuteros.Gui.GuiButtonParamChangeModuleProperty.html
Deuteros.Gui.GuiButtonParamChangeModulePropertyMembers.html
Deuteros.Gui.GuiButtonParamChangeModulePropertyConstructor.html
Deuteros.Gui.GuiButtonParamChangeModulePropertyFields.html
Deuteros.Gui.GuiButtonParamChangeModuleProperty.moduleId.html
Deuteros.Gui.GuiButtonParamChangeModuleProperty.moduleProperty.html
Deuteros.Gui.GuiButtonParamChangeModuleProperty.nextValue.html
Deuteros.Gui.GuiButtonParamChangeModulePropertyMethods.html
Deuteros.Gui.GuiButtonParamChangeModuleProperty.DoAction.html
Deuteros.Gui.GuiButtonParamChangeModuleProperty.FromXml.html
Deuteros.Gui.GuiButtonParamChangeModuleProperty.ToXml.html
Deuteros.Gui.GuiButtonParamChangeScreen.html
Deuteros.Gui.GuiButtonParamChangeScreenMembers.html
Deuteros.Gui.GuiButtonParamChangeScreenConstructor.html
Deuteros.Gui.GuiButtonParamChangeScreenFields.html
Deuteros.Gui.GuiButtonParamChangeScreen.NextScreen.html
Deuteros.Gui.GuiButtonParamChangeScreenMethods.html
Deuteros.Gui.GuiButtonParamChangeScreen.DoAction.html
Deuteros.Gui.GuiButtonParamChangeScreen.FromXml.html
Deuteros.Gui.GuiButtonParamChangeScreen.ToXml.html
Deuteros.Gui.GuiButtonParamChangeStation.html
Deuteros.Gui.GuiButtonParamChangeStationMembers.html
Deuteros.Gui.GuiButtonParamChangeStationConstructor.html
Deuteros.Gui.GuiButtonParamChangeStationFields.html
Deuteros.Gui.GuiButtonParamChangeStation.NextStation.html
Deuteros.Gui.GuiButtonParamChangeStationMethods.html
Deuteros.Gui.GuiButtonParamChangeStation.DoAction.html
Deuteros.Gui.GuiButtonParamChangeStation.FromXml.html
Deuteros.Gui.GuiButtonParamChangeStation.ToXml.html
Deuteros.Gui.GuiButtonParamChangeStationModule.html
Deuteros.Gui.GuiButtonParamChangeStationModuleMembers.html
Deuteros.Gui.GuiButtonParamChangeStationModuleConstructor.html
Deuteros.Gui.GuiButtonParamChangeStationModuleFields.html
Deuteros.Gui.GuiButtonParamChangeStationModule.NextStationModule.html
Deuteros.Gui.GuiButtonParamChangeStationModuleMethods.html
Deuteros.Gui.GuiButtonParamChangeStationModule.DoAction.html
Deuteros.Gui.GuiButtonParamChangeStationModule.FromXml.html
Deuteros.Gui.GuiButtonParamChangeStationModule.ToXml.html
Deuteros.Gui.GuiButtonParamCheckLocation.html
Deuteros.Gui.GuiButtonParamCheckLocationMembers.html
Deuteros.Gui.GuiButtonParamCheckLocationConstructor.html
Deuteros.Gui.GuiButtonParamCheckLocationFields.html
Deuteros.Gui.GuiButtonParamCheckLocation.CheckLocation.html
Deuteros.Gui.GuiButtonParamCheckLocationMethods.html
Deuteros.Gui.GuiButtonParamCheckLocation.DoCheck.html
Deuteros.Gui.GuiButtonParamCheckLocation.FromXml.html
Deuteros.Gui.GuiButtonParamCheckLocation.ToXml.html
Deuteros.Gui.GuiButtonParamCheckStation.html
Deuteros.Gui.GuiButtonParamCheckStationMembers.html
Deuteros.Gui.GuiButtonParamCheckStationConstructor.html
Deuteros.Gui.GuiButtonParamCheckStationFields.html
Deuteros.Gui.GuiButtonParamCheckStation.CheckStation.html
Deuteros.Gui.GuiButtonParamCheckStationMethods.html
Deuteros.Gui.GuiButtonParamCheckStation.DoCheck.html
Deuteros.Gui.GuiButtonParamCheckStation.FromXml.html
Deuteros.Gui.GuiButtonParamCheckStation.ToXml.html
Deuteros.Gui.GuiButtonParamCheckTimeAdvance.html
Deuteros.Gui.GuiButtonParamCheckTimeAdvanceMembers.html
Deuteros.Gui.GuiButtonParamCheckTimeAdvanceConstructor.html
Deuteros.Gui.GuiButtonParamCheckTimeAdvanceFields.html
Deuteros.Gui.GuiButtonParamCheckTimeAdvance.state.html
Deuteros.Gui.GuiButtonParamCheckTimeAdvanceMethods.html
Deuteros.Gui.GuiButtonParamCheckTimeAdvance.DoCheck.html
Deuteros.Gui.GuiButtonParamCheckTimeAdvance.FromXml.html
Deuteros.Gui.GuiButtonParamCheckTimeAdvance.ToXml.html
Deuteros.Gui.GuiButtonParamTimeAdvance.html
Deuteros.Gui.GuiButtonParamTimeAdvanceMembers.html
Deuteros.Gui.GuiButtonParamTimeAdvanceConstructor.html
Deuteros.Gui.GuiButtonParamTimeAdvanceFields.html
Deuteros.Gui.GuiButtonParamTimeAdvance.OnHold.html
Deuteros.Gui.GuiButtonParamTimeAdvanceMethods.html
Deuteros.Gui.GuiButtonParamTimeAdvance.DoAction.html
Deuteros.Gui.GuiButtonParamTimeAdvance.FromXml.html
Deuteros.Gui.GuiButtonParamTimeAdvance.ToXml.html
Deuteros.Gui.GuiFont.html
Deuteros.Gui.GuiFontMembers.html
Deuteros.Gui.GuiFontConstructor.html
Deuteros.Gui.GuiFontConstructor1.html
Deuteros.Gui.GuiFontConstructor2.html
Deuteros.Gui.GuiFontProperties.html
Deuteros.Gui.GuiFont.DXFont.html
Deuteros.Gui.GuiFont.FontParams.html
Deuteros.Gui.GuiFont.FontSource.html
Deuteros.Gui.GuiFont.Id.html
Deuteros.Gui.GuiFontMethods.html
Deuteros.Gui.GuiFont.CreateDXFont.html
Deuteros.Gui.GuiFont.FromXml.html
Deuteros.Gui.GuiFont.ToXml.html
Deuteros.Gui.GuiFontType.html
Deuteros.Gui.GuiMenu.html
Deuteros.Gui.GuiMenuMembers.html
Deuteros.Gui.GuiMenuConstructor.html
Deuteros.Gui.GuiMenuFields.html
Deuteros.Gui.GuiMenu.buttons.html
Deuteros.Gui.GuiMenu.id.html
Deuteros.Gui.GuiMenu.location.html
Deuteros.Gui.GuiMenu.picture.html
Deuteros.Gui.GuiMenu.textureArea.html
Deuteros.Gui.GuiMenuProperties.html
Deuteros.Gui.GuiMenu.Buttons.html
Deuteros.Gui.GuiMenu.Id.html
Deuteros.Gui.GuiMenu.Location.html
Deuteros.Gui.GuiMenu.Picture.html
Deuteros.Gui.GuiMenu.TextureArea.html
Deuteros.Gui.GuiMenuMethods.html
Deuteros.Gui.GuiMenu.FromXml.html
Deuteros.Gui.GuiMenu.ToXml.html
Deuteros.Gui.MethodParamInfo.html
Deuteros.Gui.MethodParamInfoMembers.html
Deuteros.Gui.MethodParamInfoConstructor.html
Deuteros.Gui.MethodParamInfoFields.html
Deuteros.Gui.MethodParamInfo.ParamType.html
Deuteros.Gui.MethodParamInfo.Value.html
Deuteros.Items.html
Deuteros.ItemsHierarchy.html
Deuteros.Items.FactoryResource.html
Deuteros.Items.FactoryResourceMembers.html
Deuteros.Items.FactoryResourceConstructor.html
Deuteros.Items.FactoryResourceFields.html
Deuteros.Items.FactoryResource.amount.html
Deuteros.Items.FactoryResource.itemId.html
Deuteros.Items.ItemType.html
Deuteros.Items.StoreItem.html
Deuteros.Items.StoreItemMembers.html
Deuteros.Items.StoreItemConstructor.html
Deuteros.Items.StoreItemFields.html
Deuteros.Items.StoreItem.buildRank.html
Deuteros.Items.StoreItem.buildTime.html
Deuteros.Items.StoreItem.canResearch.html
Deuteros.Items.StoreItem.description.html
Deuteros.Items.StoreItem.orbitalOnly.html
Deuteros.Items.StoreItem.picture.html
Deuteros.Items.StoreItem.researched.html
Deuteros.Items.StoreItem.researchRank.html
Deuteros.Items.StoreItem.resources.html
Deuteros.Items.StoreItem.title.html
Deuteros.Items.StoreItem.type.html
Deuteros.Items.StoreItemProperties.html
Deuteros.Items.StoreItem.BuildRank.html
Deuteros.Items.StoreItem.BuildTime.html
Deuteros.Items.StoreItem.CanResearch.html
Deuteros.Items.StoreItem.Description.html
Deuteros.Items.StoreItem.OrbitalOnly.html
Deuteros.Items.StoreItem.Picture.html
Deuteros.Items.StoreItem.Researched.html
Deuteros.Items.StoreItem.ResearchRank.html
Deuteros.Items.StoreItem.Resources.html
Deuteros.Items.StoreItem.Title.html
Deuteros.Items.StoreItem.Type.html
Deuteros.Items.StoreItemMethods.html
Deuteros.Items.StoreItem.Clone.html
Deuteros.Items.StoreItem.FromXml.html
Deuteros.Items.StoreItem.ToXml.html
Deuteros.Menu.html
Deuteros.MenuHierarchy.html
Deuteros.Menu.ButtonClickEvent.html
Deuteros.Menu.ButtonType.html
Deuteros.Menu.MenuButton.html
Deuteros.Menu.MenuButtonMembers.html
Deuteros.Menu.MenuButtonConstructor.html
Deuteros.Menu.MenuButtonProperties.html
Deuteros.Menu.MenuButton.Button.html
Deuteros.Menu.MenuButton.ButtonRect.html
Deuteros.Menu.MenuButton.Text.html
Deuteros.Menu.MenuButtonMethods.html
Deuteros.Menu.MenuButton.OnClick.html
Deuteros.Menu.MenuData.html
Deuteros.Menu.MenuDataMembers.html
Deuteros.Menu.MenuDataConstructor.html
Deuteros.Menu.MenuDataFields.html
Deuteros.Menu.MenuData.buttons.html
Deuteros.Menu.MenuDataMethods.html
Deuteros.Menu.MenuData.CreateMenuData.html
Deuteros.Menu.MenuData.Update.html
Deuteros.Menu.MenuDataMainMenu.html
Deuteros.Menu.MenuDataMainMenuMembers.html
Deuteros.Menu.MenuDataMainMenuConstructor.html
Deuteros.Menu.MenuType.html
Deuteros.Stations.html
Deuteros.StationsHierarchy.html
Deuteros.Stations.ItemBuildInfo.html
Deuteros.Stations.ItemBuildInfoMembers.html
Deuteros.Stations.ItemBuildInfoConstructor.html
Deuteros.Stations.ItemBuildInfoFields.html
Deuteros.Stations.ItemBuildInfo.ItemId.html
Deuteros.Stations.ItemBuildInfo.Repeat.html
Deuteros.Stations.StationBase.html
Deuteros.Stations.StationBaseMembers.html
Deuteros.Stations.StationBaseConstructor.html
Deuteros.Stations.StationBaseFields.html
Deuteros.Stations.StationBase.modules.html
Deuteros.Stations.StationBase.title.html
Deuteros.Stations.StationBaseProperties.html
Deuteros.Stations.StationBase.Modules.html
Deuteros.Stations.StationBase.Title.html
Deuteros.Stations.StationBaseMethods.html
Deuteros.Stations.StationBase.DismountModule.html
Deuteros.Stations.StationBase.FromXml.html
Deuteros.Stations.StationBase.MountModule.html
Deuteros.Stations.StationBase.OnNextTurn.html
Deuteros.Stations.StationBase.ToXml.html
Deuteros.Stations.StationModuleBase.html
Deuteros.Stations.StationModuleBaseMembers.html
Deuteros.Stations.StationModuleBaseConstructor.html
Deuteros.Stations.StationModuleBaseFields.html
Deuteros.Stations.StationModuleBase.buttonIndex.html
Deuteros.Stations.StationModuleBase.buttonInfo.html
Deuteros.Stations.StationModuleBaseProperties.html
Deuteros.Stations.StationModuleBase.ButtonIndex.html
Deuteros.Stations.StationModuleBase.ButtonInfo.html
Deuteros.Stations.StationModuleBase.Parent.html
Deuteros.Stations.StationModuleBaseMethods.html
Deuteros.Stations.StationModuleBase.FromXml.html
Deuteros.Stations.StationModuleBase.OnDismount.html
Deuteros.Stations.StationModuleBase.OnFrame.html
Deuteros.Stations.StationModuleBase.OnInitMenus.html
Deuteros.Stations.StationModuleBase.OnMount.html
Deuteros.Stations.StationModuleBase.OnNextTurn.html
Deuteros.Stations.StationModuleBase.OnRender.html
Deuteros.Stations.StationModuleBase.OnRenderInterface.html
Deuteros.Stations.StationModuleBase.ToXml.html
Deuteros.Stations.StationModuleFactory.html
Deuteros.Stations.StationModuleFactoryMembers.html
Deuteros.Stations.StationModuleFactoryConstructor.html
Deuteros.Stations.StationModuleFactoryFields.html
Deuteros.Stations.StationModuleFactory.BuildProgress.html
Deuteros.Stations.StationModuleFactory.BuildQueue.html
Deuteros.Stations.StationModuleFactory.BuildQueueIndex.html
Deuteros.Stations.StationModuleFactory.HasAOC.html
Deuteros.Stations.StationModuleFactory.IsOrbital.html
Deuteros.Stations.StationModuleFactory.ProductionTeam.html
Deuteros.Stations.StationModuleFactoryMethods.html
Deuteros.Stations.StationModuleFactory.AddQueueItem.html
Deuteros.Stations.StationModuleFactory.OnNextTurn.html
Deuteros.Stations.StationModuleFactory.OnRenderInterface.html
Deuteros.Stations.StationModuleFactory.RemoveQueueItem.html
Deuteros.Stations.StationModuleFactory.ToXml.html
Deuteros.Stations.StationModuleMiningStore.html
Deuteros.Stations.StationModuleMiningStoreMembers.html
Deuteros.Stations.StationModuleMiningStoreConstructor.html
Deuteros.Stations.StationModuleMiningStoreFields.html
Deuteros.Stations.StationModuleMiningStore.curItemId.html
Deuteros.Stations.StationModuleMiningStore.mineralList.html
Deuteros.Stations.StationModuleMiningStore.StoreItems.html
Deuteros.Stations.StationModuleMiningStore.StoreMaterials.html
Deuteros.Stations.StationModuleMiningStoreMethods.html
Deuteros.Stations.StationModuleMiningStore.AddToStorage.html
Deuteros.Stations.StationModuleMiningStore.CheckStorage.html
Deuteros.Stations.StationModuleMiningStore.OnInitMenus.html
Deuteros.Stations.StationModuleMiningStore.OnRenderInterface.html
Deuteros.Stations.StationModuleMiningStore.RemoveFromStorage.html
Deuteros.Stations.StationModuleMiningStore.ResetAnimation.html
Deuteros.Stations.StationModuleMiningStore.ShowItemPrice.html
Deuteros.Stations.StationModuleMiningStore.SwitchStore.html
Deuteros.Stations.StationModuleMiningStore.ToXml.html
Deuteros.Teams.html
Deuteros.TeamsHierarchy.html
Deuteros.Teams.ProductionTeamRank.html
Deuteros.Teams.WorkTeamBase.html
Deuteros.Teams.WorkTeamBaseMembers.html
Deuteros.Teams.WorkTeamBaseConstructor.html
Deuteros.Teams.WorkTeamBaseFields.html
Deuteros.Teams.WorkTeamBase.teamLeader.html
Deuteros.Teams.WorkTeamBase.teamSize.html
Deuteros.Teams.WorkTeamBaseProperties.html
Deuteros.Teams.WorkTeamBase.TeamLeader.html
Deuteros.Teams.WorkTeamBase.TeamSize.html
Deuteros.Teams.WorkTeamBaseMethods.html
Deuteros.Teams.WorkTeamBase.FromXml.html
Deuteros.Teams.WorkTeamBase.GetTeamRank.html
Deuteros.Teams.WorkTeamBase.GetTeamRankOrdinal.html
Deuteros.Teams.WorkTeamBase.ToXml.html
Deuteros.Teams.WorkTeamProduction.html
Deuteros.Teams.WorkTeamProductionMembers.html
Deuteros.Teams.WorkTeamProductionConstructor.html
Deuteros.Teams.WorkTeamProductionFields.html
Deuteros.Teams.WorkTeamProduction.teamRank.html
Deuteros.Teams.WorkTeamProductionProperties.html
Deuteros.Teams.WorkTeamProduction.TeamRank.html
Deuteros.Teams.WorkTeamProductionMethods.html
Deuteros.Teams.WorkTeamProduction.GetProductionValue.html
Deuteros.Teams.WorkTeamProduction.GetTeamRank.html
Deuteros.Teams.WorkTeamProduction.GetTeamRankOrdinal.html
Deuteros.Teams.WorkTeamProduction.ToXml.html
Generating HTML content file...
transform the HHC contents file into html
Compiling HTML Help file...
An error occured while trying to build the documentation.



Exception: NDoc.Core.DocumenterException
Unable to find the HTML Help Compiler. Please verify that the HTML Help Workshop has been installed.

Exception: NDoc.Core.DocumenterException
Unable to find the HTML Help Compiler. Please verify that the HTML Help Workshop has been installed.



Exception: NDoc.Core.DocumenterException
   at NDoc.Documenter.Msdn.MsdnDocumenter.Build(Project project)
   at NDoc.Gui.BuildWorker.ThreadProc()

Exception: NDoc.Core.DocumenterException
   at NDoc.Documenter.Msdn.HtmlHelp.get_HtmlHelpCompiler()
   at NDoc.Documenter.Msdn.HtmlHelp.CompileProject()
   at NDoc.Documenter.Msdn.MsdnDocumenter.Build(Project project)


